0 info it worked if it ends with ok
1 verbose cli [ '/usr/local/bin/node',
1 verbose cli   '/usr/local/bin/npm',
1 verbose cli   'run',
1 verbose cli   'watch-css' ]
2 info using npm@3.10.8
3 info using node@v7.0.0
4 verbose run-script [ 'prewatch-css', 'watch-css', 'postwatch-css' ]
5 info lifecycle bruno-braga-portfolio@0.1.0~prewatch-css: bruno-braga-portfolio@0.1.0
6 silly lifecycle bruno-braga-portfolio@0.1.0~prewatch-css: no script for prewatch-css, continuing
7 info lifecycle bruno-braga-portfolio@0.1.0~watch-css: bruno-braga-portfolio@0.1.0
8 verbose lifecycle bruno-braga-portfolio@0.1.0~watch-css: unsafe-perm in lifecycle true
9 verbose lifecycle bruno-braga-portfolio@0.1.0~watch-css: PATH: /usr/local/lib/node_modules/npm/bin/node-gyp-bin:/home/brunobraga/Downloads/projects/Portfolio/node_modules/.bin:/home/brunobraga/Downloads/projects/Portfolio/node_modules/.bin:/usr/local/share/.config/yarn/link/node_modules/.bin:/home/brunobraga/Downloads/projects/Portfolio/node_modules/.bin:/usr/local/share/.config/yarn/link/node_modules/.bin:/usr/share/yarn/bin/node-gyp-bin:/usr/local/sbin:/usr/local/bin:/usr/sbin:/usr/bin:/sbin:/bin
10 verbose lifecycle bruno-braga-portfolio@0.1.0~watch-css: CWD: /home/brunobraga/Downloads/projects/Portfolio
11 silly lifecycle bruno-braga-portfolio@0.1.0~watch-css: Args: [ '-c', 'npm run build-css && node-sass src/ -o src/ --watch' ]
12 silly lifecycle bruno-braga-portfolio@0.1.0~watch-css: Returned: code: 1  signal: null
13 info lifecycle bruno-braga-portfolio@0.1.0~watch-css: Failed to exec watch-css script
14 verbose stack Error: bruno-braga-portfolio@0.1.0 watch-css: `npm run build-css && node-sass src/ -o src/ --watch`
14 verbose stack Exit status 1
14 verbose stack     at EventEmitter.<anonymous> (/usr/local/lib/node_modules/npm/lib/utils/lifecycle.js:255:16)
14 verbose stack     at emitTwo (events.js:106:13)
14 verbose stack     at EventEmitter.emit (events.js:191:7)
14 verbose stack     at ChildProcess.<anonymous> (/usr/local/lib/node_modules/npm/lib/utils/spawn.js:40:14)
14 verbose stack     at emitTwo (events.js:106:13)
14 verbose stack     at ChildProcess.emit (events.js:191:7)
14 verbose stack     at maybeClose (internal/child_process.js:877:16)
14 verbose stack     at Process.ChildProcess._handle.onexit (internal/child_process.js:226:5)
15 verbose pkgid bruno-braga-portfolio@0.1.0
16 verbose cwd /home/brunobraga/Downloads/projects/Portfolio
17 error Linux 4.4.0-31-generic
18 error argv "/usr/local/bin/node" "/usr/local/bin/npm" "run" "watch-css"
19 error node v7.0.0
20 error npm  v3.10.8
21 error code ELIFECYCLE
22 error bruno-braga-portfolio@0.1.0 watch-css: `npm run build-css && node-sass src/ -o src/ --watch`
22 error Exit status 1
23 error Failed at the bruno-braga-portfolio@0.1.0 watch-css script 'npm run build-css && node-sass src/ -o src/ --watch'.
23 error Make sure you have the latest version of node.js and npm installed.
23 error If you do, this is most likely a problem with the bruno-braga-portfolio package,
23 error not with npm itself.
23 error Tell the author that this fails on your system:
23 error     npm run build-css && node-sass src/ -o src/ --watch
23 error You can get information on how to open an issue for this project with:
23 error     npm bugs bruno-braga-portfolio
23 error Or if that isn't available, you can get their info via:
23 error     npm owner ls bruno-braga-portfolio
23 error There is likely additional logging output above.
24 verbose exit [ 1, true ]
